\BOOKMARK [0][-]{chapter.1}{Introduzione}{}% 1
\BOOKMARK [1][-]{section.1.1}{Sanmarco\040Informatica\040SpA}{chapter.1}% 2
\BOOKMARK [2][-]{subsection.1.1.1}{L'azienda}{section.1.1}% 3
\BOOKMARK [2][-]{subsection.1.1.2}{Il\040team\040di\040sviluppo}{section.1.1}% 4
\BOOKMARK [1][-]{section.1.2}{La\040Digital\040Industry}{chapter.1}% 5
\BOOKMARK [2][-]{subsection.1.2.1}{L'industria\0404.0}{section.1.2}% 6
\BOOKMARK [2][-]{subsection.1.2.2}{Manufacturing\040execution\040system}{section.1.2}% 7
\BOOKMARK [1][-]{section.1.3}{La\040proposta\040di\040stage}{chapter.1}% 8
\BOOKMARK [2][-]{subsection.1.3.1}{Il\040progetto}{section.1.3}% 9
\BOOKMARK [2][-]{subsection.1.3.2}{Gli\040obiettivi}{section.1.3}% 10
\BOOKMARK [1][-]{section.1.4}{Organizzazione\040del\040Documento}{chapter.1}% 11
\BOOKMARK [2][-]{subsection.1.4.1}{Contenuti}{section.1.4}% 12
\BOOKMARK [2][-]{subsection.1.4.2}{Convenzioni\040tipografiche}{section.1.4}% 13
\BOOKMARK [0][-]{chapter.2}{Background\040Tecnologico}{}% 14
\BOOKMARK [1][-]{section.2.1}{Il\040software\040JMES}{chapter.2}% 15
\BOOKMARK [1][-]{section.2.2}{Controllori\040a\040Logica\040Programmabile}{chapter.2}% 16
\BOOKMARK [1][-]{section.2.3}{L'interazione\040macchina-MES:\040JDI}{chapter.2}% 17
\BOOKMARK [1][-]{section.2.4}{Digital\040Industry\040e\040protocolli}{chapter.2}% 18
\BOOKMARK [2][-]{subsection.2.4.1}{Modbus}{section.2.4}% 19
\BOOKMARK [2][-]{subsection.2.4.2}{Modbus\040TCP/IP}{section.2.4}% 20
\BOOKMARK [1][-]{section.2.5}{Tecnologie\040e\040strumenti\040impiegati}{chapter.2}% 21
\BOOKMARK [0][-]{chapter.3}{Le\040Problematiche}{}% 22
\BOOKMARK [1][-]{section.3.1}{Il\040primo\040sviluppo\040di\040JDI}{chapter.3}% 23
\BOOKMARK [1][-]{section.3.2}{I\040problemi\040con\040JDI}{chapter.3}% 24
\BOOKMARK [1][-]{section.3.3}{Il\040nuovo\040sviluppo}{chapter.3}% 25
\BOOKMARK [0][-]{chapter.4}{Analisi,\040Progettazione\040e\040Codifica}{}% 26
\BOOKMARK [1][-]{section.4.1}{Studio\040della\040versione\040precedente}{chapter.4}% 27
\BOOKMARK [1][-]{section.4.2}{I\040requisiti\040del\040progetto}{chapter.4}% 28
\BOOKMARK [1][-]{section.4.3}{Organizzazione\040temporale}{chapter.4}% 29
\BOOKMARK [1][-]{section.4.4}{Tracer\040bullet\040development}{chapter.4}% 30
\BOOKMARK [2][-]{subsection.4.4.1}{Integrazione\040iniziale}{section.4.4}% 31
\BOOKMARK [2][-]{subsection.4.4.2}{Benchmark}{section.4.4}% 32
\BOOKMARK [2][-]{subsection.4.4.3}{Progettazione\040e\040codifica}{section.4.4}% 33
\BOOKMARK [2][-]{subsection.4.4.4}{Verifica\040e\040validazione}{section.4.4}% 34
\BOOKMARK [0][-]{chapter.5}{Retrospettiva}{}% 35
\BOOKMARK [1][-]{section.5.1}{Soddisfazione\040degli\040obiettivi}{chapter.5}% 36
\BOOKMARK [1][-]{section.5.2}{Considerazioni\040finali}{chapter.5}% 37
\BOOKMARK [0][-]{section.5.2}{Riferimenti}{}% 38
\BOOKMARK [0][-]{section*.28}{Glossario}{}% 39
\BOOKMARK [0][-]{section*.30}{Acronimi}{}% 40
